[INFO  - 2018-12-11T12:59:13.809Z] GhostDriver - Main - running on port 33506
[INFO  - 2018-12-11T12:59:18.307Z] Session [91f312f0-fd44-11e8-8c1b-adec9c1bc3e5] - page.settings - {"XSSAuditingEnabled":false,"javascriptCanCloseWindows":true,"javascriptCanOpenWindows":true,"javascriptEnabled":true,"loadImages":true,"localToRemoteUrlAccessEnabled":false,"userAgent":"Mozilla/5.0 (Windows NT 6.2; WOW64) AppleWebKit/538.1 (KHTML, like Gecko) PhantomJS/2.1.1 Safari/538.1","webSecurityEnabled":true}
[INFO  - 2018-12-11T12:59:18.307Z] Session [91f312f0-fd44-11e8-8c1b-adec9c1bc3e5] - page.customHeaders:  - {}
[INFO  - 2018-12-11T12:59:18.307Z] Session [91f312f0-fd44-11e8-8c1b-adec9c1bc3e5] - Session.negotiatedCapabilities - {"browserName":"phantomjs","version":"2.1.1","driverName":"ghostdriver","driverVersion":"1.2.0","platform":"windows-10-32bit","javascriptEnabled":true,"takesScreenshot":true,"handlesAlerts":false,"databaseEnabled":false,"locationContextEnabled":false,"applicationCacheEnabled":false,"browserConnectionEnabled":false,"cssSelectorsEnabled":true,"webStorageEnabled":false,"rotatable":false,"acceptSslCerts":false,"nativeEvents":true,"proxy":{"proxyType":"direct"}}
[INFO  - 2018-12-11T12:59:18.307Z] SessionManagerReqHand - _postNewSessionCommand - New Session Created: 91f312f0-fd44-11e8-8c1b-adec9c1bc3e5
[ERROR - 2018-12-11T12:59:32.676Z] WebElementLocator - _handleLocateCommand - Element(s) NOT Found: GAVE UP. Search Stop Time: 1544533172620

  phantomjs://platform/console++.js:263 in error
[ERROR - 2018-12-11T12:59:39.596Z] WebElementLocator - _handleLocateCommand - Element(s) NOT Found: GAVE UP. Search Stop Time: 1544533179538

  phantomjs://platform/console++.js:263 in error
[ERROR - 2018-12-11T12:59:45.175Z] WebElementLocator - _handleLocateCommand - Element(s) NOT Found: GAVE UP. Search Stop Time: 1544533185129

  phantomjs://platform/console++.js:263 in error
[ERROR - 2018-12-11T12:59:50.894Z] WebElementLocator - _handleLocateCommand - Element(s) NOT Found: GAVE UP. Search Stop Time: 1544533190848

  phantomjs://platform/console++.js:263 in error
[ERROR - 2018-12-11T12:59:57.268Z] WebElementLocator - _handleLocateCommand - Element(s) NOT Found: GAVE UP. Search Stop Time: 1544533197226

  phantomjs://platform/console++.js:263 in error
[ERROR - 2018-12-11T13:00:04.911Z] WebElementLocator - _handleLocateCommand - Element(s) NOT Found: GAVE UP. Search Stop Time: 1544533204857

  phantomjs://platform/console++.js:263 in error
[ERROR - 2018-12-11T13:00:11.798Z] WebElementLocator - _handleLocateCommand - Element(s) NOT Found: GAVE UP. Search Stop Time: 1544533211757

  phantomjs://platform/console++.js:263 in error
[ERROR - 2018-12-11T13:00:17.925Z] WebElementLocator - _handleLocateCommand - Element(s) NOT Found: GAVE UP. Search Stop Time: 1544533217881

  phantomjs://platform/console++.js:263 in error
[ERROR - 2018-12-11T13:00:25.223Z] WebElementLocator - _handleLocateCommand - Element(s) NOT Found: GAVE UP. Search Stop Time: 1544533225165

  phantomjs://platform/console++.js:263 in error
[ERROR - 2018-12-11T13:00:36.301Z] WebElementLocator - _handleLocateCommand - Element(s) NOT Found: GAVE UP. Search Stop Time: 1544533236243

  phantomjs://platform/console++.js:263 in error
[ERROR - 2018-12-11T13:00:45.689Z] WebElementLocator - _handleLocateCommand - Element(s) NOT Found: GAVE UP. Search Stop Time: 1544533245636

  phantomjs://platform/console++.js:263 in error
[ERROR - 2018-12-11T13:00:52.674Z] WebElementLocator - _handleLocateCommand - Element(s) NOT Found: GAVE UP. Search Stop Time: 1544533252630

  phantomjs://platform/console++.js:263 in error
[ERROR - 2018-12-11T13:01:00.158Z] WebElementLocator - _handleLocateCommand - Element(s) NOT Found: GAVE UP. Search Stop Time: 1544533260106

  phantomjs://platform/console++.js:263 in error
[ERROR - 2018-12-11T13:01:07.095Z] WebElementLocator - _handleLocateCommand - Element(s) NOT Found: GAVE UP. Search Stop Time: 1544533267042

  phantomjs://platform/console++.js:263 in error
[ERROR - 2018-12-11T13:01:18.283Z] WebElementLocator - _handleLocateCommand - Element(s) NOT Found: GAVE UP. Search Stop Time: 1544533278228

  phantomjs://platform/console++.js:263 in error
[ERROR - 2018-12-11T13:01:27.095Z] WebElementLocator - _handleLocateCommand - Element(s) NOT Found: GAVE UP. Search Stop Time: 1544533287053

  phantomjs://platform/console++.js:263 in error
[ERROR - 2018-12-11T13:01:32.517Z] WebElementLocator - _handleLocateCommand - Element(s) NOT Found: GAVE UP. Search Stop Time: 1544533292477

  phantomjs://platform/console++.js:263 in error
[ERROR - 2018-12-11T13:01:39.924Z] WebElementLocator - _handleLocateCommand - Element(s) NOT Found: GAVE UP. Search Stop Time: 1544533299874

  phantomjs://platform/console++.js:263 in error
[ERROR - 2018-12-11T13:01:48.751Z] WebElementLocator - _handleLocateCommand - Element(s) NOT Found: GAVE UP. Search Stop Time: 1544533308697

  phantomjs://platform/console++.js:263 in error
[ERROR - 2018-12-11T13:01:55.346Z] WebElementLocator - _handleLocateCommand - Element(s) NOT Found: GAVE UP. Search Stop Time: 1544533315294

  phantomjs://platform/console++.js:263 in error
[ERROR - 2018-12-11T13:02:00.439Z] WebElementLocator - _handleLocateCommand - Element(s) NOT Found: GAVE UP. Search Stop Time: 1544533320389

  phantomjs://platform/console++.js:263 in error
[ERROR - 2018-12-11T13:02:07.516Z] WebElementLocator - _handleLocateCommand - Element(s) NOT Found: GAVE UP. Search Stop Time: 1544533327472

  phantomjs://platform/console++.js:263 in error
[ERROR - 2018-12-11T13:02:16.423Z] WebElementLocator - _handleLocateCommand - Element(s) NOT Found: GAVE UP. Search Stop Time: 1544533336368

  phantomjs://platform/console++.js:263 in error
[ERROR - 2018-12-11T13:02:22.595Z] WebElementLocator - _handleLocateCommand - Element(s) NOT Found: GAVE UP. Search Stop Time: 1544533342561

  phantomjs://platform/console++.js:263 in error
[ERROR - 2018-12-11T13:02:29.862Z] WebElementLocator - _handleLocateCommand - Element(s) NOT Found: GAVE UP. Search Stop Time: 1544533349824

  phantomjs://platform/console++.js:263 in error
[ERROR - 2018-12-11T13:02:36.673Z] WebElementLocator - _handleLocateCommand - Element(s) NOT Found: GAVE UP. Search Stop Time: 1544533356623

  phantomjs://platform/console++.js:263 in error
[ERROR - 2018-12-11T13:02:45.800Z] WebElementLocator - _handleLocateCommand - Element(s) NOT Found: GAVE UP. Search Stop Time: 1544533365751

  phantomjs://platform/console++.js:263 in error
[ERROR - 2018-12-11T13:02:50.864Z] WebElementLocator - _handleLocateCommand - Element(s) NOT Found: GAVE UP. Search Stop Time: 1544533370818

  phantomjs://platform/console++.js:263 in error
[ERROR - 2018-12-11T13:02:57.922Z] WebElementLocator - _handleLocateCommand - Element(s) NOT Found: GAVE UP. Search Stop Time: 1544533377919

  phantomjs://platform/console++.js:263 in error
[ERROR - 2018-12-11T13:03:06.223Z] WebElementLocator - _handleLocateCommand - Element(s) NOT Found: GAVE UP. Search Stop Time: 1544533386164

  phantomjs://platform/console++.js:263 in error
[ERROR - 2018-12-11T13:03:15.286Z] WebElementLocator - _handleLocateCommand - Element(s) NOT Found: GAVE UP. Search Stop Time: 1544533395241

  phantomjs://platform/console++.js:263 in error
[ERROR - 2018-12-11T13:03:22.503Z] WebElementLocator - _handleLocateCommand - Element(s) NOT Found: GAVE UP. Search Stop Time: 1544533402458

  phantomjs://platform/console++.js:263 in error
[ERROR - 2018-12-11T13:03:29.111Z] WebElementLocator - _handleLocateCommand - Element(s) NOT Found: GAVE UP. Search Stop Time: 1544533409055

  phantomjs://platform/console++.js:263 in error
[ERROR - 2018-12-11T13:03:36.158Z] WebElementLocator - _handleLocateCommand - Element(s) NOT Found: GAVE UP. Search Stop Time: 1544533416097

  phantomjs://platform/console++.js:263 in error
[INFO  - 2018-12-11T13:04:13.801Z] SessionManagerReqHand - _cleanupWindowlessSessions - Asynchronous Sessions clean-up phase starting NOW
[INFO  - 2018-12-11T13:09:13.801Z] SessionManagerReqHand - _cleanupWindowlessSessions - Asynchronous Sessions clean-up phase starting NOW
[INFO  - 2018-12-11T13:14:13.814Z] SessionManagerReqHand - _cleanupWindowlessSessions - Asynchronous Sessions clean-up phase starting NOW
[INFO  - 2018-12-11T13:19:13.828Z] SessionManagerReqHand - _cleanupWindowlessSessions - Asynchronous Sessions clean-up phase starting NOW
[ERROR - 2018-12-11T13:21:09.876Z] Session [91f312f0-fd44-11e8-8c1b-adec9c1bc3e5] - page.onError - msg: ReferenceError: Can't find variable: tinymce

  phantomjs://platform/console++.js:263 in error
[ERROR - 2018-12-11T13:21:09.877Z] Session [91f312f0-fd44-11e8-8c1b-adec9c1bc3e5] - page.onError - stack:
  global code (https://issues.apache.org/jira/s/d41d8cd98f00b204e9800998ecf8427e-CDN/3pgavk/76005/1c78b578e5c0e813799ab2baea47b6f7/2.1.8/_/download/resources/com.atlassian.jira.plugins.jira-editor-plugin:tinymce/themes/modern/theme.js?batch=false:1)

  phantomjs://platform/console++.js:263 in error
[INFO  - 2018-12-11T13:24:13.833Z] SessionManagerReqHand - _cleanupWindowlessSessions - Asynchronous Sessions clean-up phase starting NOW
[INFO  - 2018-12-11T13:29:13.836Z] SessionManagerReqHand - _cleanupWindowlessSessions - Asynchronous Sessions clean-up phase starting NOW
[INFO  - 2018-12-11T13:34:13.844Z] SessionManagerReqHand - _cleanupWindowlessSessions - Asynchronous Sessions clean-up phase starting NOW
[INFO  - 2018-12-11T13:39:13.845Z] SessionManagerReqHand - _cleanupWindowlessSessions - Asynchronous Sessions clean-up phase starting NOW
[INFO  - 2018-12-11T13:44:13.845Z] SessionManagerReqHand - _cleanupWindowlessSessions - Asynchronous Sessions clean-up phase starting NOW
[INFO  - 2018-12-11T13:49:13.845Z] SessionManagerReqHand - _cleanupWindowlessSessions - Asynchronous Sessions clean-up phase starting NOW
[INFO  - 2018-12-11T13:54:13.845Z] SessionManagerReqHand - _cleanupWindowlessSessions - Asynchronous Sessions clean-up phase starting NOW
[INFO  - 2018-12-11T13:59:13.846Z] SessionManagerReqHand - _cleanupWindowlessSessions - Asynchronous Sessions clean-up phase starting NOW
[INFO  - 2018-12-11T14:04:13.847Z] SessionManagerReqHand - _cleanupWindowlessSessions - Asynchronous Sessions clean-up phase starting NOW
[INFO  - 2018-12-11T14:09:13.848Z] SessionManagerReqHand - _cleanupWindowlessSessions - Asynchronous Sessions clean-up phase starting NOW
[INFO  - 2018-12-11T14:14:13.861Z] SessionManagerReqHand - _cleanupWindowlessSessions - Asynchronous Sessions clean-up phase starting NOW
[INFO  - 2018-12-11T14:19:13.861Z] SessionManagerReqHand - _cleanupWindowlessSessions - Asynchronous Sessions clean-up phase starting NOW
[INFO  - 2018-12-11T14:24:13.863Z] SessionManagerReqHand - _cleanupWindowlessSessions - Asynchronous Sessions clean-up phase starting NOW
[INFO  - 2018-12-11T14:29:13.862Z] SessionManagerReqHand - _cleanupWindowlessSessions - Asynchronous Sessions clean-up phase starting NOW
[ERROR - 2018-12-11T14:32:34.671Z] Session [91f312f0-fd44-11e8-8c1b-adec9c1bc3e5] - page.onError - msg: ReferenceError: Can't find variable: tinymce

  phantomjs://platform/console++.js:263 in error
[ERROR - 2018-12-11T14:32:34.671Z] Session [91f312f0-fd44-11e8-8c1b-adec9c1bc3e5] - page.onError - stack:
  global code (https://issues.apache.org/jira/s/d41d8cd98f00b204e9800998ecf8427e-CDN/3pgavk/76005/1c78b578e5c0e813799ab2baea47b6f7/2.1.8/_/download/resources/com.atlassian.jira.plugins.jira-editor-plugin:tinymce/themes/modern/theme.js?batch=false:1)

  phantomjs://platform/console++.js:263 in error
[ERROR - 2018-12-11T14:32:39.418Z] Session [91f312f0-fd44-11e8-8c1b-adec9c1bc3e5] - page.onError - msg: ReferenceError: Can't find variable: tinymce

  phantomjs://platform/console++.js:263 in error
[ERROR - 2018-12-11T14:32:39.418Z] Session [91f312f0-fd44-11e8-8c1b-adec9c1bc3e5] - page.onError - stack:
  global code (https://issues.apache.org/jira/s/d41d8cd98f00b204e9800998ecf8427e-CDN/3pgavk/76005/1c78b578e5c0e813799ab2baea47b6f7/2.1.8/_/download/resources/com.atlassian.jira.plugins.jira-editor-plugin:tinymce/themes/modern/theme.js?batch=false:1)

  phantomjs://platform/console++.js:263 in error
[ERROR - 2018-12-11T14:32:44.615Z] Session [91f312f0-fd44-11e8-8c1b-adec9c1bc3e5] - page.onError - msg: ReferenceError: Can't find variable: tinymce

  phantomjs://platform/console++.js:263 in error
[ERROR - 2018-12-11T14:32:44.615Z] Session [91f312f0-fd44-11e8-8c1b-adec9c1bc3e5] - page.onError - stack:
  global code (https://issues.apache.org/jira/s/d41d8cd98f00b204e9800998ecf8427e-CDN/3pgavk/76005/1c78b578e5c0e813799ab2baea47b6f7/2.1.8/_/download/resources/com.atlassian.jira.plugins.jira-editor-plugin:tinymce/themes/modern/theme.js?batch=false:1)

  phantomjs://platform/console++.js:263 in error
[INFO  - 2018-12-11T14:34:13.863Z] SessionManagerReqHand - _cleanupWindowlessSessions - Asynchronous Sessions clean-up phase starting NOW
[INFO  - 2018-12-11T14:39:13.863Z] SessionManagerReqHand - _cleanupWindowlessSessions - Asynchronous Sessions clean-up phase starting NOW
[INFO  - 2018-12-11T14:44:13.863Z] SessionManagerReqHand - _cleanupWindowlessSessions - Asynchronous Sessions clean-up phase starting NOW
